<?xml version="1.0" encoding="UTF-8"?>
<testng-results skipped="0" failed="0" ignored="0" total="0" passed="0">
  <reporter-output>
  </reporter-output>
  <suite name="appium.AppTest" duration-ms="10" started-at="2017-12-20T21:37:39Z" finished-at="2017-12-20T21:37:39Z">
    <groups>
    </groups>
    <test name="Command line test" duration-ms="10" started-at="2017-12-20T21:37:39Z" finished-at="2017-12-20T21:37:39Z">
    </test> <!-- Command line test -->
  </suite> <!-- appium.AppTest -->
</testng-results>
