<?xml version="1.0" encoding="UTF-8"?>
<testng-results skipped="0" failed="0" ignored="0" total="2" passed="2">
  <reporter-output>
  </reporter-output>
  <suite name="DemoXMLFileCreation" duration-ms="23" started-at="2017-12-27T00:56:25Z" finished-at="2017-12-27T00:56:25Z">
    <groups>
    </groups>
    <test name="Test" duration-ms="23" started-at="2017-12-27T00:56:25Z" finished-at="2017-12-27T00:56:25Z">
      <class name="crossbrowser.XmlDemo1">
        <test-method status="PASS" signature="displayResult()[pri:0, instance:crossbrowser.XmlDemo1@57baeedf]" name="displayResult" duration-ms="1" started-at="2017-12-26T19:56:25Z" finished-at="2017-12-26T19:56:25Z">
          <reporter-output>
          </reporter-output>
        </test-method> <!-- displayResult -->
      </class> <!-- crossbrowser.XmlDemo1 -->
      <class name="crossbrowser.XmlDemo">
        <test-method status="PASS" signature="displayResult()[pri:0, instance:crossbrowser.XmlDemo@39c0f4a]" name="displayResult" duration-ms="7" started-at="2017-12-26T19:56:25Z" finished-at="2017-12-26T19:56:25Z">
          <reporter-output>
          </reporter-output>
        </test-method> <!-- displayResult -->
      </class> <!-- crossbrowser.XmlDemo -->
    </test> <!-- Test -->
  </suite> <!-- DemoXMLFileCreation -->
</testng-results>
